Building DAG of jobs...
Using shell: /bin/bash
Provided cores: 1 (use --cores to define parallelism)
Rules claiming more threads will be scaled down.
Job stats:
job            count
-----------  -------
all                1
blastn             2
makeblastdb        1
total              4

Select jobs to execute...
Execute 1 jobs...

[Thu Feb 15 14:36:00 2024]
localrule makeblastdb:
    input: resources/blastn/db/G_intestinalis.fasta
    output: output/blastn/db/G_intestinalis.ndb, output/blastn/db/G_intestinalis.nhr, output/blastn/db/G_intestinalis.nin, output/blastn/db/G_intestinalis.not, output/blastn/db/G_intestinalis.nsq, output/blastn/db/G_intestinalis.ntf, output/blastn/db/G_intestinalis.nto
    jobid: 2
    reason: Code has changed since last execution
    wildcards: type=blastn, db=G_intestinalis
    resources: tmpdir=/var/folders/f8/3vl28q_56bq2vp55bjx5r2zr0000gn/T

makeblastdb -dbtype nucl -in resources/blastn/db/G_intestinalis.fasta -out output/blastn/db/G_intestinalis
[Thu Feb 15 14:36:00 2024]
Error in rule makeblastdb:
    jobid: 2
    input: resources/blastn/db/G_intestinalis.fasta
    output: output/blastn/db/G_intestinalis.ndb, output/blastn/db/G_intestinalis.nhr, output/blastn/db/G_intestinalis.nin, output/blastn/db/G_intestinalis.not, output/blastn/db/G_intestinalis.nsq, output/blastn/db/G_intestinalis.ntf, output/blastn/db/G_intestinalis.nto
    shell:
        makeblastdb -dbtype nucl -in resources/blastn/db/G_intestinalis.fasta -out output/blastn/db/G_intestinalis
        (one of the commands exited with non-zero exit code; note that snakemake uses bash strict mode!)

Shutting down, this might take some time.
Exiting because a job execution failed. Look above for error message
Complete log: .snakemake/log/2024-02-15T143554.906951.snakemake.log
WorkflowError:
At least one job did not complete successfully.
