Building DAG of jobs...
Provided cores: 1
Rules claiming more threads will be scaled down.
Job counts:
	count	jobs
	1	all
	2	blastn
	3

rule blastn:
    input: resources/blastn/query/S_salmonicida.fasta, output/blastn/db/G_intestinalis.ndb
    output: output/blastn/G_intestinalis/S_salmonicida.blastn
    jobid: 1
    wildcards: type=blastn, db=G_intestinalis, query=S_salmonicida

/Users/grkmrz/anaconda3/envs/blast/bin/python /Users/grkmrz/PycharmProjects/MiuulBioinformaticNew/scripts/.snakemake.ldx8rgkd.blastn.py
Error in rule blastn:
    jobid: 1
    output: output/blastn/G_intestinalis/S_salmonicida.blastn

RuleException:
CalledProcessError in line 70 of /Users/grkmrz/PycharmProjects/MiuulBioinformaticNew/Snakefile:
Command ' set -euo pipefail;  /Users/grkmrz/anaconda3/envs/blast/bin/python /Users/grkmrz/PycharmProjects/MiuulBioinformaticNew/scripts/.snakemake.ldx8rgkd.blastn.py ' returned non-zero exit status 1.
  File "/Users/grkmrz/PycharmProjects/MiuulBioinformaticNew/Snakefile", line 70, in __rule_blastn
  File "/Users/grkmrz/anaconda3/envs/blast/lib/python3.6/concurrent/futures/thread.py", line 56, in run
Will exit after finishing currently running jobs.
Exiting because a job execution failed. Look above for error message
Complete log: /Users/grkmrz/PycharmProjects/MiuulBioinformaticNew/.snakemake/log/2024-02-15T153007.355770.snakemake.log
