Building DAG of jobs...
Provided cores: 1
Rules claiming more threads will be scaled down.
Job counts:
	count	jobs
	1	all
	2	blastn
	3

rule blastn:
    input: resources/blastn/query/S_salmonicida.fasta, output/blastn/db/G_intestinalis.ndb
    output: output/blastn/G_intestinalis/S_salmonicida.blastn
    jobid: 2
    wildcards: type=blastn, db=G_intestinalis, query=S_salmonicida

/Users/grkmrz/anaconda3/envs/blast/bin/python /Users/grkmrz/PycharmProjects/MiuulBioinformaticNew/scripts/.snakemake.xh3m8r9h.blastn.py
Activating conda environment /Users/grkmrz/PycharmProjects/MiuulBioinformaticNew/.snakemake/conda/2ef174a4.
Finished job 2.
1 of 3 steps (33%) done

rule blastn:
    input: resources/blastn/query/G_muris.fasta, output/blastn/db/G_intestinalis.ndb
    output: output/blastn/G_intestinalis/G_muris.blastn
    jobid: 1
    wildcards: type=blastn, db=G_intestinalis, query=G_muris

/Users/grkmrz/anaconda3/envs/blast/bin/python /Users/grkmrz/PycharmProjects/MiuulBioinformaticNew/scripts/.snakemake.wgxsvqb2.blastn.py
Activating conda environment /Users/grkmrz/PycharmProjects/MiuulBioinformaticNew/.snakemake/conda/2ef174a4.
Finished job 1.
2 of 3 steps (67%) done

localrule all:
    input: output/blastn/G_intestinalis/G_muris.blastn, output/blastn/G_intestinalis/S_salmonicida.blastn
    jobid: 0

Finished job 0.
3 of 3 steps (100%) done
Complete log: /Users/grkmrz/PycharmProjects/MiuulBioinformaticNew/.snakemake/log/2024-02-15T155901.783301.snakemake.log
